=== puma startup: 2023-04-26 00:18:45 +0000 ===
{"timestamp":"2023-04-26T00:18:45.661Z","pid":833,"message":"! Promoting existing objects to old generation..."}
{"timestamp":"2023-04-26T00:18:45.752Z","pid":833,"message":"! Compacting..."}
Note: GC compacting is currently disabled. Refer to `config/initializers_before_autoloader/003_gc_compact.rb` for details.
{"timestamp":"2023-04-26T00:18:45.752Z","pid":833,"message":"! Friendly fork preparation complete."}
{"timestamp":"2023-04-26T00:18:46.111Z","pid":833,"message":"- Worker 0 (PID: 986) booted in 0.35s, phase: 0"}
{"timestamp":"2023-04-26T00:18:46.134Z","pid":833,"message":"- Worker 1 (PID: 988) booted in 0.36s, phase: 0"}
{"timestamp":"2023-04-26T00:18:46.162Z","pid":833,"message":"- Worker 3 (PID: 992) booted in 0.37s, phase: 0"}
{"timestamp":"2023-04-26T00:18:46.206Z","pid":833,"message":"- Worker 2 (PID: 990) booted in 0.43s, phase: 0"}
{"timestamp":"2023-04-26T00:18:46.213Z","pid":833,"message":"- Worker 4 (PID: 994) booted in 0.41s, phase: 0"}
{"timestamp":"2023-04-26T00:18:46.228Z","pid":833,"message":"- Worker 7 (PID: 1000) booted in 0.38s, phase: 0"}
{"timestamp":"2023-04-26T00:18:46.228Z","pid":833,"message":"- Worker 5 (PID: 996) booted in 0.41s, phase: 0"}
{"timestamp":"2023-04-26T00:18:46.233Z","pid":833,"message":"- Worker 6 (PID: 998) booted in 0.4s, phase: 0"}
{"timestamp":"2023-04-26T00:18:46.244Z","pid":833,"message":"- Worker 8 (PID: 1002) booted in 0.38s, phase: 0"}
{"timestamp":"2023-04-26T00:18:46.244Z","pid":833,"message":"- Worker 9 (PID: 1004) booted in 0.36s, phase: 0"}
{"timestamp":"2023-04-26T00:18:46.312Z","pid":833,"message":"- Worker 10 (PID: 1006) booted in 0.41s, phase: 0"}
{"timestamp":"2023-04-26T00:18:46.366Z","pid":833,"message":"- Worker 11 (PID: 1008) booted in 0.43s, phase: 0"}
=== puma startup: 2023-04-26 00:20:51 +0000 ===
{"timestamp":"2023-04-26T00:20:51.803Z","pid":317,"message":"! Promoting existing objects to old generation..."}
{"timestamp":"2023-04-26T00:20:51.896Z","pid":317,"message":"! Compacting..."}
Note: GC compacting is currently disabled. Refer to `config/initializers_before_autoloader/003_gc_compact.rb` for details.
{"timestamp":"2023-04-26T00:20:51.896Z","pid":317,"message":"! Friendly fork preparation complete."}
{"timestamp":"2023-04-26T00:20:52.269Z","pid":317,"message":"- Worker 1 (PID: 551) booted in 0.36s, phase: 0"}
{"timestamp":"2023-04-26T00:20:52.269Z","pid":317,"message":"- Worker 2 (PID: 553) booted in 0.35s, phase: 0"}
{"timestamp":"2023-04-26T00:20:52.305Z","pid":317,"message":"- Worker 3 (PID: 555) booted in 0.37s, phase: 0"}
{"timestamp":"2023-04-26T00:20:52.334Z","pid":317,"message":"- Worker 0 (PID: 549) booted in 0.43s, phase: 0"}
{"timestamp":"2023-04-26T00:20:52.358Z","pid":317,"message":"- Worker 4 (PID: 557) booted in 0.41s, phase: 0"}
{"timestamp":"2023-04-26T00:20:52.373Z","pid":317,"message":"- Worker 7 (PID: 563) booted in 0.38s, phase: 0"}
{"timestamp":"2023-04-26T00:20:52.383Z","pid":317,"message":"- Worker 6 (PID: 561) booted in 0.41s, phase: 0"}
{"timestamp":"2023-04-26T00:20:52.383Z","pid":317,"message":"- Worker 8 (PID: 565) booted in 0.38s, phase: 0"}
{"timestamp":"2023-04-26T00:20:52.411Z","pid":317,"message":"- Worker 9 (PID: 567) booted in 0.39s, phase: 0"}
{"timestamp":"2023-04-26T00:20:52.436Z","pid":317,"message":"- Worker 5 (PID: 559) booted in 0.48s, phase: 0"}
{"timestamp":"2023-04-26T00:20:52.449Z","pid":317,"message":"- Worker 11 (PID: 570) booted in 0.39s, phase: 0"}
{"timestamp":"2023-04-26T00:20:52.477Z","pid":317,"message":"- Worker 10 (PID: 569) booted in 0.44s, phase: 0"}
{"timestamp":"2023-04-26T00:43:02.899Z","pid":317,"message":"=== puma shutdown: 2023-04-26 00:43:02 +0000 ==="}
{"timestamp":"2023-04-26T00:43:02.900Z","pid":317,"message":"- Goodbye!"}
{"timestamp":"2023-04-26T00:43:02.901Z","pid":317,"message":"- Gracefully shutting down workers..."}
=== puma startup: 2023-04-26 00:43:36 +0000 ===
{"timestamp":"2023-04-26T00:43:36.759Z","pid":1719,"message":"! Promoting existing objects to old generation..."}
{"timestamp":"2023-04-26T00:43:36.872Z","pid":1719,"message":"! Compacting..."}
Note: GC compacting is currently disabled. Refer to `config/initializers_before_autoloader/003_gc_compact.rb` for details.
{"timestamp":"2023-04-26T00:43:36.872Z","pid":1719,"message":"! Friendly fork preparation complete."}
{"timestamp":"2023-04-26T00:43:37.214Z","pid":1719,"message":"- Worker 0 (PID: 1821) booted in 0.33s, phase: 0"}
{"timestamp":"2023-04-26T00:43:37.276Z","pid":1719,"message":"- Worker 1 (PID: 1823) booted in 0.38s, phase: 0"}
{"timestamp":"2023-04-26T00:43:37.281Z","pid":1719,"message":"- Worker 2 (PID: 1825) booted in 0.37s, phase: 0"}
{"timestamp":"2023-04-26T00:43:37.281Z","pid":1719,"message":"- Worker 3 (PID: 1827) booted in 0.35s, phase: 0"}
{"timestamp":"2023-04-26T00:43:37.375Z","pid":1719,"message":"- Worker 6 (PID: 1833) booted in 0.39s, phase: 0"}
{"timestamp":"2023-04-26T00:43:37.376Z","pid":1719,"message":"- Worker 4 (PID: 1829) booted in 0.43s, phase: 0"}
{"timestamp":"2023-04-26T00:43:37.376Z","pid":1719,"message":"- Worker 5 (PID: 1831) booted in 0.41s, phase: 0"}
{"timestamp":"2023-04-26T00:43:37.395Z","pid":1719,"message":"- Worker 7 (PID: 1835) booted in 0.38s, phase: 0"}
{"timestamp":"2023-04-26T00:43:37.425Z","pid":1719,"message":"- Worker 8 (PID: 1837) booted in 0.38s, phase: 0"}
{"timestamp":"2023-04-26T00:43:37.436Z","pid":1719,"message":"- Worker 9 (PID: 1839) booted in 0.37s, phase: 0"}
{"timestamp":"2023-04-26T00:43:37.472Z","pid":1719,"message":"- Worker 10 (PID: 1841) booted in 0.38s, phase: 0"}
{"timestamp":"2023-04-26T00:43:37.511Z","pid":1719,"message":"- Worker 11 (PID: 1842) booted in 0.4s, phase: 0"}
{"timestamp":"2023-04-26T00:49:17.045Z","pid":1719,"message":"=== puma shutdown: 2023-04-26 00:49:17 +0000 ==="}
{"timestamp":"2023-04-26T00:49:17.045Z","pid":1719,"message":"- Goodbye!"}
{"timestamp":"2023-04-26T00:49:17.045Z","pid":1719,"message":"- Gracefully shutting down workers..."}
=== puma startup: 2023-04-26 00:49:51 +0000 ===
{"timestamp":"2023-04-26T00:49:51.007Z","pid":2443,"message":"! Promoting existing objects to old generation..."}
{"timestamp":"2023-04-26T00:49:51.120Z","pid":2443,"message":"! Compacting..."}
Note: GC compacting is currently disabled. Refer to `config/initializers_before_autoloader/003_gc_compact.rb` for details.
{"timestamp":"2023-04-26T00:49:51.121Z","pid":2443,"message":"! Friendly fork preparation complete."}
{"timestamp":"2023-04-26T00:49:51.465Z","pid":2443,"message":"- Worker 1 (PID: 2530) booted in 0.31s, phase: 0"}
{"timestamp":"2023-04-26T00:49:51.473Z","pid":2443,"message":"- Worker 0 (PID: 2528) booted in 0.34s, phase: 0"}
{"timestamp":"2023-04-26T00:49:51.506Z","pid":2443,"message":"- Worker 3 (PID: 2534) booted in 0.32s, phase: 0"}
{"timestamp":"2023-04-26T00:49:51.580Z","pid":2443,"message":"- Worker 4 (PID: 2536) booted in 0.38s, phase: 0"}
{"timestamp":"2023-04-26T00:49:51.595Z","pid":2443,"message":"- Worker 2 (PID: 2532) booted in 0.43s, phase: 0"}
{"timestamp":"2023-04-26T00:49:51.627Z","pid":2443,"message":"- Worker 7 (PID: 2542) booted in 0.35s, phase: 0"}
{"timestamp":"2023-04-26T00:49:51.635Z","pid":2443,"message":"- Worker 5 (PID: 2538) booted in 0.41s, phase: 0"}
{"timestamp":"2023-04-26T00:49:51.664Z","pid":2443,"message":"- Worker 9 (PID: 2546) booted in 0.33s, phase: 0"}
{"timestamp":"2023-04-26T00:49:51.664Z","pid":2443,"message":"- Worker 6 (PID: 2540) booted in 0.41s, phase: 0"}
{"timestamp":"2023-04-26T00:49:51.696Z","pid":2443,"message":"- Worker 8 (PID: 2544) booted in 0.39s, phase: 0"}
{"timestamp":"2023-04-26T00:49:51.727Z","pid":2443,"message":"- Worker 11 (PID: 2550) booted in 0.34s, phase: 0"}
{"timestamp":"2023-04-26T00:49:51.744Z","pid":2443,"message":"- Worker 10 (PID: 2548) booted in 0.38s, phase: 0"}
=== puma startup: 2023-04-26 00:55:40 +0000 ===
{"timestamp":"2023-04-26T00:55:40.345Z","pid":456,"message":"! Promoting existing objects to old generation..."}
{"timestamp":"2023-04-26T00:55:40.456Z","pid":456,"message":"! Compacting..."}
Note: GC compacting is currently disabled. Refer to `config/initializers_before_autoloader/003_gc_compact.rb` for details.
{"timestamp":"2023-04-26T00:55:40.456Z","pid":456,"message":"! Friendly fork preparation complete."}
{"timestamp":"2023-04-26T00:55:40.824Z","pid":456,"message":"- Worker 0 (PID: 600) booted in 0.36s, phase: 0"}
{"timestamp":"2023-04-26T00:55:40.830Z","pid":456,"message":"- Worker 2 (PID: 604) booted in 0.34s, phase: 0"}
{"timestamp":"2023-04-26T00:55:40.842Z","pid":456,"message":"- Worker 1 (PID: 602) booted in 0.36s, phase: 0"}
{"timestamp":"2023-04-26T00:55:40.843Z","pid":456,"message":"- Worker 3 (PID: 606) booted in 0.34s, phase: 0"}
{"timestamp":"2023-04-26T00:55:40.906Z","pid":456,"message":"- Worker 4 (PID: 608) booted in 0.38s, phase: 0"}
{"timestamp":"2023-04-26T00:55:40.925Z","pid":456,"message":"- Worker 6 (PID: 612) booted in 0.36s, phase: 0"}
{"timestamp":"2023-04-26T00:55:40.925Z","pid":456,"message":"- Worker 5 (PID: 610) booted in 0.38s, phase: 0"}
{"timestamp":"2023-04-26T00:55:41.021Z","pid":456,"message":"- Worker 8 (PID: 617) booted in 0.42s, phase: 0"}
{"timestamp":"2023-04-26T00:55:41.027Z","pid":456,"message":"- Worker 9 (PID: 619) booted in 0.4s, phase: 0"}
{"timestamp":"2023-04-26T00:55:41.028Z","pid":456,"message":"- Worker 10 (PID: 621) booted in 0.38s, phase: 0"}
{"timestamp":"2023-04-26T00:55:41.043Z","pid":456,"message":"- Worker 11 (PID: 623) booted in 0.37s, phase: 0"}
{"timestamp":"2023-04-26T00:55:41.069Z","pid":456,"message":"- Worker 7 (PID: 615) booted in 0.49s, phase: 0"}
=== puma startup: 2023-04-26 01:32:30 +0000 ===
{"timestamp":"2023-04-26T01:32:30.883Z","pid":457,"message":"! Promoting existing objects to old generation..."}
{"timestamp":"2023-04-26T01:32:30.977Z","pid":457,"message":"! Compacting..."}
Note: GC compacting is currently disabled. Refer to `config/initializers_before_autoloader/003_gc_compact.rb` for details.
{"timestamp":"2023-04-26T01:32:30.977Z","pid":457,"message":"! Friendly fork preparation complete."}
{"timestamp":"2023-04-26T01:32:31.341Z","pid":457,"message":"- Worker 2 (PID: 609) booted in 0.32s, phase: 0"}
{"timestamp":"2023-04-26T01:32:31.341Z","pid":457,"message":"- Worker 1 (PID: 607) booted in 0.34s, phase: 0"}
{"timestamp":"2023-04-26T01:32:31.357Z","pid":457,"message":"- Worker 0 (PID: 605) booted in 0.37s, phase: 0"}
{"timestamp":"2023-04-26T01:32:31.390Z","pid":457,"message":"- Worker 3 (PID: 611) booted in 0.36s, phase: 0"}
{"timestamp":"2023-04-26T01:32:31.426Z","pid":457,"message":"- Worker 4 (PID: 613) booted in 0.38s, phase: 0"}
{"timestamp":"2023-04-26T01:32:31.485Z","pid":457,"message":"- Worker 6 (PID: 617) booted in 0.4s, phase: 0"}
{"timestamp":"2023-04-26T01:32:31.493Z","pid":457,"message":"- Worker 8 (PID: 621) booted in 0.36s, phase: 0"}
{"timestamp":"2023-04-26T01:32:31.495Z","pid":457,"message":"- Worker 9 (PID: 623) booted in 0.34s, phase: 0"}
{"timestamp":"2023-04-26T01:32:31.520Z","pid":457,"message":"- Worker 7 (PID: 619) booted in 0.41s, phase: 0"}
{"timestamp":"2023-04-26T01:32:31.542Z","pid":457,"message":"- Worker 5 (PID: 615) booted in 0.47s, phase: 0"}
{"timestamp":"2023-04-26T01:32:31.595Z","pid":457,"message":"- Worker 11 (PID: 627) booted in 0.39s, phase: 0"}
{"timestamp":"2023-04-26T01:32:31.607Z","pid":457,"message":"- Worker 10 (PID: 625) booted in 0.43s, phase: 0"}
=== puma startup: 2023-04-26 01:39:27 +0000 ===
{"timestamp":"2023-04-26T01:39:27.650Z","pid":484,"message":"! Promoting existing objects to old generation..."}
{"timestamp":"2023-04-26T01:39:27.746Z","pid":484,"message":"! Compacting..."}
Note: GC compacting is currently disabled. Refer to `config/initializers_before_autoloader/003_gc_compact.rb` for details.
{"timestamp":"2023-04-26T01:39:27.746Z","pid":484,"message":"! Friendly fork preparation complete."}
{"timestamp":"2023-04-26T01:39:28.098Z","pid":484,"message":"- Worker 0 (PID: 629) booted in 0.34s, phase: 0"}
{"timestamp":"2023-04-26T01:39:28.140Z","pid":484,"message":"- Worker 1 (PID: 631) booted in 0.37s, phase: 0"}
{"timestamp":"2023-04-26T01:39:28.151Z","pid":484,"message":"- Worker 2 (PID: 633) booted in 0.36s, phase: 0"}
{"timestamp":"2023-04-26T01:39:28.213Z","pid":484,"message":"- Worker 3 (PID: 635) booted in 0.41s, phase: 0"}
{"timestamp":"2023-04-26T01:39:28.230Z","pid":484,"message":"- Worker 4 (PID: 637) booted in 0.41s, phase: 0"}
{"timestamp":"2023-04-26T01:39:28.247Z","pid":484,"message":"- Worker 5 (PID: 639) booted in 0.41s, phase: 0"}
{"timestamp":"2023-04-26T01:39:28.286Z","pid":484,"message":"- Worker 6 (PID: 641) booted in 0.43s, phase: 0"}
{"timestamp":"2023-04-26T01:39:28.305Z","pid":484,"message":"- Worker 7 (PID: 643) booted in 0.42s, phase: 0"}
{"timestamp":"2023-04-26T01:39:28.323Z","pid":484,"message":"- Worker 9 (PID: 647) booted in 0.39s, phase: 0"}
{"timestamp":"2023-04-26T01:39:28.329Z","pid":484,"message":"- Worker 8 (PID: 645) booted in 0.42s, phase: 0"}
{"timestamp":"2023-04-26T01:39:28.351Z","pid":484,"message":"- Worker 10 (PID: 649) booted in 0.4s, phase: 0"}
{"timestamp":"2023-04-26T01:39:28.392Z","pid":484,"message":"- Worker 11 (PID: 651) booted in 0.42s, phase: 0"}
=== puma startup: 2023-04-26 01:45:04 +0000 ===
{"timestamp":"2023-04-26T01:45:04.805Z","pid":455,"message":"! Promoting existing objects to old generation..."}
{"timestamp":"2023-04-26T01:45:04.898Z","pid":455,"message":"! Compacting..."}
Note: GC compacting is currently disabled. Refer to `config/initializers_before_autoloader/003_gc_compact.rb` for details.
{"timestamp":"2023-04-26T01:45:04.898Z","pid":455,"message":"! Friendly fork preparation complete."}
{"timestamp":"2023-04-26T01:45:05.245Z","pid":455,"message":"- Worker 1 (PID: 601) booted in 0.32s, phase: 0"}
{"timestamp":"2023-04-26T01:45:05.282Z","pid":455,"message":"- Worker 0 (PID: 599) booted in 0.37s, phase: 0"}
{"timestamp":"2023-04-26T01:45:05.290Z","pid":455,"message":"- Worker 2 (PID: 603) booted in 0.36s, phase: 0"}
{"timestamp":"2023-04-26T01:45:05.304Z","pid":455,"message":"- Worker 3 (PID: 605) booted in 0.36s, phase: 0"}
{"timestamp":"2023-04-26T01:45:05.352Z","pid":455,"message":"- Worker 4 (PID: 607) booted in 0.39s, phase: 0"}
{"timestamp":"2023-04-26T01:45:05.380Z","pid":455,"message":"- Worker 5 (PID: 609) booted in 0.4s, phase: 0"}
{"timestamp":"2023-04-26T01:45:05.410Z","pid":455,"message":"- Worker 8 (PID: 615) booted in 0.36s, phase: 0"}
{"timestamp":"2023-04-26T01:45:05.425Z","pid":455,"message":"- Worker 7 (PID: 613) booted in 0.4s, phase: 0"}
{"timestamp":"2023-04-26T01:45:05.458Z","pid":455,"message":"- Worker 6 (PID: 611) booted in 0.46s, phase: 0"}
{"timestamp":"2023-04-26T01:45:05.463Z","pid":455,"message":"- Worker 9 (PID: 617) booted in 0.4s, phase: 0"}
{"timestamp":"2023-04-26T01:45:05.485Z","pid":455,"message":"- Worker 10 (PID: 619) booted in 0.4s, phase: 0"}
{"timestamp":"2023-04-26T01:45:05.492Z","pid":455,"message":"- Worker 11 (PID: 621) booted in 0.37s, phase: 0"}
=== puma startup: 2023-04-26 02:15:02 +0000 ===
{"timestamp":"2023-04-26T02:15:02.553Z","pid":455,"message":"! Promoting existing objects to old generation..."}
{"timestamp":"2023-04-26T02:15:02.665Z","pid":455,"message":"! Compacting..."}
Note: GC compacting is currently disabled. Refer to `config/initializers_before_autoloader/003_gc_compact.rb` for details.
{"timestamp":"2023-04-26T02:15:02.665Z","pid":455,"message":"! Friendly fork preparation complete."}
{"timestamp":"2023-04-26T02:15:03.017Z","pid":455,"message":"- Worker 0 (PID: 603) booted in 0.34s, phase: 0"}
{"timestamp":"2023-04-26T02:15:03.057Z","pid":455,"message":"- Worker 1 (PID: 605) booted in 0.36s, phase: 0"}
{"timestamp":"2023-04-26T02:15:03.070Z","pid":455,"message":"- Worker 3 (PID: 609) booted in 0.35s, phase: 0"}
{"timestamp":"2023-04-26T02:15:03.090Z","pid":455,"message":"- Worker 2 (PID: 607) booted in 0.38s, phase: 0"}
{"timestamp":"2023-04-26T02:15:03.116Z","pid":455,"message":"- Worker 4 (PID: 611) booted in 0.38s, phase: 0"}
{"timestamp":"2023-04-26T02:15:03.158Z","pid":455,"message":"- Worker 5 (PID: 613) booted in 0.39s, phase: 0"}
{"timestamp":"2023-04-26T02:15:03.187Z","pid":455,"message":"- Worker 6 (PID: 615) booted in 0.4s, phase: 0"}
{"timestamp":"2023-04-26T02:15:03.190Z","pid":455,"message":"- Worker 7 (PID: 617) booted in 0.38s, phase: 0"}
{"timestamp":"2023-04-26T02:15:03.212Z","pid":455,"message":"- Worker 8 (PID: 619) booted in 0.37s, phase: 0"}
{"timestamp":"2023-04-26T02:15:03.260Z","pid":455,"message":"- Worker 9 (PID: 621) booted in 0.4s, phase: 0"}
{"timestamp":"2023-04-26T02:15:03.260Z","pid":455,"message":"- Worker 11 (PID: 624) booted in 0.35s, phase: 0"}
{"timestamp":"2023-04-26T02:15:03.320Z","pid":455,"message":"- Worker 10 (PID: 623) booted in 0.43s, phase: 0"}
=== puma startup: 2023-04-26 14:32:46 +0000 ===
{"timestamp":"2023-04-26T14:32:46.896Z","pid":337,"message":"! Promoting existing objects to old generation..."}
{"timestamp":"2023-04-26T14:32:46.991Z","pid":337,"message":"! Compacting..."}
Note: GC compacting is currently disabled. Refer to `config/initializers_before_autoloader/003_gc_compact.rb` for details.
{"timestamp":"2023-04-26T14:32:46.991Z","pid":337,"message":"! Friendly fork preparation complete."}
{"timestamp":"2023-04-26T14:32:47.359Z","pid":337,"message":"- Worker 1 (PID: 567) booted in 0.35s, phase: 0"}
{"timestamp":"2023-04-26T14:32:47.362Z","pid":337,"message":"- Worker 2 (PID: 569) booted in 0.35s, phase: 0"}
{"timestamp":"2023-04-26T14:32:47.363Z","pid":337,"message":"- Worker 0 (PID: 565) booted in 0.36s, phase: 0"}
{"timestamp":"2023-04-26T14:32:47.406Z","pid":337,"message":"- Worker 3 (PID: 571) booted in 0.38s, phase: 0"}
{"timestamp":"2023-04-26T14:32:47.418Z","pid":337,"message":"- Worker 4 (PID: 573) booted in 0.39s, phase: 0"}
{"timestamp":"2023-04-26T14:32:47.436Z","pid":337,"message":"- Worker 6 (PID: 577) booted in 0.38s, phase: 0"}
{"timestamp":"2023-04-26T14:32:47.452Z","pid":337,"message":"- Worker 5 (PID: 575) booted in 0.41s, phase: 0"}
{"timestamp":"2023-04-26T14:32:47.461Z","pid":337,"message":"- Worker 7 (PID: 579) booted in 0.39s, phase: 0"}
{"timestamp":"2023-04-26T14:32:47.470Z","pid":337,"message":"- Worker 8 (PID: 581) booted in 0.39s, phase: 0"}
{"timestamp":"2023-04-26T14:32:47.470Z","pid":337,"message":"- Worker 9 (PID: 583) booted in 0.37s, phase: 0"}
{"timestamp":"2023-04-26T14:32:47.470Z","pid":337,"message":"- Worker 10 (PID: 585) booted in 0.36s, phase: 0"}
{"timestamp":"2023-04-26T14:32:47.521Z","pid":337,"message":"- Worker 11 (PID: 587) booted in 0.39s, phase: 0"}
=== puma startup: 2023-04-26 15:01:52 +0000 ===
{"timestamp":"2023-04-26T15:01:52.356Z","pid":344,"message":"! Promoting existing objects to old generation..."}
{"timestamp":"2023-04-26T15:01:52.462Z","pid":344,"message":"! Compacting..."}
Note: GC compacting is currently disabled. Refer to `config/initializers_before_autoloader/003_gc_compact.rb` for details.
{"timestamp":"2023-04-26T15:01:52.463Z","pid":344,"message":"! Friendly fork preparation complete."}
{"timestamp":"2023-04-26T15:01:52.838Z","pid":344,"message":"- Worker 1 (PID: 564) booted in 0.36s, phase: 0"}
{"timestamp":"2023-04-26T15:01:52.839Z","pid":344,"message":"- Worker 0 (PID: 562) booted in 0.37s, phase: 0"}
{"timestamp":"2023-04-26T15:01:52.839Z","pid":344,"message":"- Worker 3 (PID: 568) booted in 0.34s, phase: 0"}
{"timestamp":"2023-04-26T15:01:52.850Z","pid":344,"message":"- Worker 2 (PID: 566) booted in 0.36s, phase: 0"}
{"timestamp":"2023-04-26T15:01:52.863Z","pid":344,"message":"- Worker 4 (PID: 570) booted in 0.36s, phase: 0"}
{"timestamp":"2023-04-26T15:01:52.908Z","pid":344,"message":"- Worker 5 (PID: 572) booted in 0.39s, phase: 0"}
{"timestamp":"2023-04-26T15:01:52.918Z","pid":344,"message":"- Worker 7 (PID: 576) booted in 0.37s, phase: 0"}
{"timestamp":"2023-04-26T15:01:52.924Z","pid":344,"message":"- Worker 6 (PID: 574) booted in 0.39s, phase: 0"}
{"timestamp":"2023-04-26T15:01:52.931Z","pid":344,"message":"- Worker 8 (PID: 578) booted in 0.37s, phase: 0"}
{"timestamp":"2023-04-26T15:01:52.945Z","pid":344,"message":"- Worker 9 (PID: 580) booted in 0.37s, phase: 0"}
{"timestamp":"2023-04-26T15:01:52.993Z","pid":344,"message":"- Worker 10 (PID: 582) booted in 0.4s, phase: 0"}
{"timestamp":"2023-04-26T15:01:52.999Z","pid":344,"message":"- Worker 11 (PID: 584) booted in 0.39s, phase: 0"}
